<?xml version="1.0" encoding="UTF-8"?>
<!-- Generated by org.testng.reporters.JUnitReportReporter -->
<testsuite skipped="0" hostname="DESKTOP-5JJ8FG2" name="org.junittesting.test1" tests="3" failures="0" timestamp="31 Aug 2021 04:04:21 GMT" time="0.014" errors="0">
  <testcase name="tc7" time="0.004" classname="org.junittesting.test1"/>
  <testcase name="tc5" time="0.004" classname="org.junittesting.test1"/>
  <testcase name="tc3" time="0.006" classname="org.junittesting.test1"/>
</testsuite> <!-- org.junittesting.test1 -->
