<?xml version="1.0" encoding="UTF-8"?>
<!-- Generated by org.testng.reporters.JUnitReportReporter -->
<testsuite skipped="0" hostname="DESKTOP-5JJ8FG2" name="org.junittesting.test1" tests="3" failures="0" timestamp="15 Sep 2021 12:59:56 GMT" time="0.032" errors="0">
  <testcase name="tc7" time="0.003" classname="org.junittesting.test1"/>
  <testcase name="tc5" time="0.001" classname="org.junittesting.test1"/>
  <testcase name="tc3" time="0.028" classname="org.junittesting.test1"/>
</testsuite> <!-- org.junittesting.test1 -->
